{"meta": {"format": 3, "version": "7.11.3", "timestamp": "2025-11-13T12:57:57.274432", "branch_coverage": false, "show_contexts": false}, "files": {"src\\procesador.py": {"executed_lines": [1, 3, 4, 6, 7, 9, 11, 12, 13, 14, 15, 16, 17, 22, 26, 28, 29, 30, 31, 32, 33, 36, 38, 40, 41, 42, 44, 56, 73], "summary": {"covered_lines": 29, "num_statements": 72, "percent_covered": 40.27777777777778, "percent_covered_display": "40", "missing_lines": 43, "excluded_lines": 0}, "missing_lines": [18, 19, 20, 24, 34, 35, 46, 47, 48, 49, 50, 51, 52, 53, 54, 58, 59, 60, 61, 62, 63, 64, 65, 67, 68, 70, 71, 75, 76, 78, 79, 80, 81, 82, 84, 85, 86, 87, 88, 89, 91, 92, 94], "excluded_lines": [], "functions": {"Analizador.__init__": {"executed_lines": [6, 7], "summary": {"covered_lines": 2, "num_statements": 2, "percent_covered": 100.0, "percent_covered_display": "100", "missing_lines": 0, "excluded_lines": 0}, "missing_lines": [], "excluded_lines": []}, "Analizador.leer_csv": {"executed_lines": [11, 12, 13, 14, 15, 16, 17], "summary": {"covered_lines": 7, "num_statements": 10, "percent_covered": 70.0, "percent_covered_display": "70", "missing_lines": 3, "excluded_lines": 0}, "missing_lines": [18, 19, 20], "excluded_lines": []}, "Analizador.provincias_unicas": {"executed_lines": [], "summary": {"covered_lines": 0, "num_statements": 1, "percent_covered": 0.0, "percent_covered_display": "0", "missing_lines": 1, "excluded_lines": 0}, "missing_lines": [24], "excluded_lines": []}, "Analizador.ventas_totales_por_provincia": {"executed_lines": [28, 29, 30, 31, 32, 33, 36], "summary": {"covered_lines": 7, "num_statements": 9, "percent_covered": 77.77777777777777, "percent_covered_display": "78", "missing_lines": 2, "excluded_lines": 0}, "missing_lines": [34, 35], "excluded_lines": []}, "Analizador.ventas_por_provincia": {"executed_lines": [40, 41, 42], "summary": {"covered_lines": 3, "num_statements": 3, "percent_covered": 100.0, "percent_covered_display": "100", "missing_lines": 0, "excluded_lines": 0}, "missing_lines": [], "excluded_lines": []}, "Analizador.exportaciones_totales_por_mes": {"executed_lines": [], "summary": {"covered_lines": 0, "num_statements": 9, "percent_covered": 0.0, "percent_covered_display": "0", "missing_lines": 9, "excluded_lines": 0}, "missing_lines": [46, 47, 48, 49, 50, 51, 52, 53, 54], "excluded_lines": []}, "Analizador.provincia_mayor_importacion": {"executed_lines": [], "summary": {"covered_lines": 0, "num_statements": 12, "percent_covered": 0.0, "percent_covered_display": "0", "missing_lines": 12, "excluded_lines": 0}, "missing_lines": [58, 59, 60, 61, 62, 63, 64, 65, 67, 68, 70, 71], "excluded_lines": []}, "Analizador.porcentaje_tarifa_0_por_provincia": {"executed_lines": [], "summary": {"covered_lines": 0, "num_statements": 16, "percent_covered": 0.0, "percent_covered_display": "0", "missing_lines": 16, "excluded_lines": 0}, "missing_lines": [75, 76, 78, 79, 80, 81, 82, 84, 85, 86, 87, 88, 89, 91, 92, 94], "excluded_lines": []}, "": {"executed_lines": [1, 3, 4, 9, 22, 26, 38, 44, 56, 73], "summary": {"covered_lines": 10, "num_statements": 10, "percent_covered": 100.0, "percent_covered_display": "100", "missing_lines": 0, "excluded_lines": 0}, "missing_lines": [], "excluded_lines": []}}, "classes": {"Analizador": {"executed_lines": [6, 7, 11, 12, 13, 14, 15, 16, 17, 28, 29, 30, 31, 32, 33, 36, 40, 41, 42], "summary": {"covered_lines": 19, "num_statements": 62, "percent_covered": 30.64516129032258, "percent_covered_display": "31", "missing_lines": 43, "excluded_lines": 0}, "missing_lines": [18, 19, 20, 24, 34, 35, 46, 47, 48, 49, 50, 51, 52, 53, 54, 58, 59, 60, 61, 62, 63, 64, 65, 67, 68, 70, 71, 75, 76, 78, 79, 80, 81, 82, 84, 85, 86, 87, 88, 89, 91, 92, 94], "excluded_lines": []}, "": {"executed_lines": [1, 3, 4, 9, 22, 26, 38, 44, 56, 73], "summary": {"covered_lines": 10, "num_statements": 10, "percent_covered": 100.0, "percent_covered_display": "100", "missing_lines": 0, "excluded_lines": 0}, "missing_lines": [], "excluded_lines": []}}}, "test_procesador.py": {"executed_lines": [1, 2, 3, 5, 7, 8, 9, 10, 11, 13, 14, 15, 16, 17, 21, 22, 23, 24, 26, 27, 29, 30, 31, 32, 34, 35, 37, 38, 39, 40, 41, 45, 46, 47, 48, 49, 53, 54, 55, 56, 57, 58, 62], "summary": {"covered_lines": 43, "num_statements": 52, "percent_covered": 82.6923076923077, "percent_covered_display": "83", "missing_lines": 9, "excluded_lines": 0}, "missing_lines": [18, 19, 25, 33, 42, 43, 50, 51, 63], "excluded_lines": [], "functions": {"TestAnalizador.setUpClass": {"executed_lines": [9, 10, 11], "summary": {"covered_lines": 3, "num_statements": 3, "percent_covered": 100.0, "percent_covered_display": "100", "missing_lines": 0, "excluded_lines": 0}, "missing_lines": [], "excluded_lines": []}, "TestAnalizador.test_ventas_totales_como_diccionario": {"executed_lines": [14, 15, 16, 17], "summary": {"covered_lines": 4, "num_statements": 6, "percent_covered": 66.66666666666667, "percent_covered_display": "67", "missing_lines": 2, "excluded_lines": 0}, "missing_lines": [18, 19], "excluded_lines": []}, "TestAnalizador.test_ventas_totales_todas_las_provincias": {"executed_lines": [22, 23, 24, 26, 27], "summary": {"covered_lines": 5, "num_statements": 6, "percent_covered": 83.33333333333333, "percent_covered_display": "83", "missing_lines": 1, "excluded_lines": 0}, "missing_lines": [25], "excluded_lines": []}, "TestAnalizador.test_ventas_totales_mayores_5k": {"executed_lines": [30, 31, 32, 34, 35], "summary": {"covered_lines": 5, "num_statements": 6, "percent_covered": 83.33333333333333, "percent_covered_display": "83", "missing_lines": 1, "excluded_lines": 0}, "missing_lines": [33], "excluded_lines": []}, "TestAnalizador.test_ventas_por_provincia_existente": {"executed_lines": [38, 39, 40, 41], "summary": {"covered_lines": 4, "num_statements": 6, "percent_covered": 66.66666666666667, "percent_covered_display": "67", "missing_lines": 2, "excluded_lines": 0}, "missing_lines": [42, 43], "excluded_lines": []}, "TestAnalizador.test_ventas_por_provincia_inexistente": {"executed_lines": [46, 47, 48, 49], "summary": {"covered_lines": 4, "num_statements": 6, "percent_covered": 66.66666666666667, "percent_covered_display": "67", "missing_lines": 2, "excluded_lines": 0}, "missing_lines": [50, 51], "excluded_lines": []}, "TestAnalizador.tearDownClass": {"executed_lines": [55, 56, 57, 58], "summary": {"covered_lines": 4, "num_statements": 4, "percent_covered": 100.0, "percent_covered_display": "100", "missing_lines": 0, "excluded_lines": 0}, "missing_lines": [], "excluded_lines": []}, "": {"executed_lines": [1, 2, 3, 5, 7, 8, 13, 21, 29, 37, 45, 53, 54, 62], "summary": {"covered_lines": 14, "num_statements": 15, "percent_covered": 93.33333333333333, "percent_covered_display": "93", "missing_lines": 1, "excluded_lines": 0}, "missing_lines": [63], "excluded_lines": []}}, "classes": {"TestAnalizador": {"executed_lines": [9, 10, 11, 14, 15, 16, 17, 22, 23, 24, 26, 27, 30, 31, 32, 34, 35, 38, 39, 40, 41, 46, 47, 48, 49, 55, 56, 57, 58], "summary": {"covered_lines": 29, "num_statements": 37, "percent_covered": 78.37837837837837, "percent_covered_display": "78", "missing_lines": 8, "excluded_lines": 0}, "missing_lines": [18, 19, 25, 33, 42, 43, 50, 51], "excluded_lines": []}, "": {"executed_lines": [1, 2, 3, 5, 7, 8, 13, 21, 29, 37, 45, 53, 54, 62], "summary": {"covered_lines": 14, "num_statements": 15, "percent_covered": 93.33333333333333, "percent_covered_display": "93", "missing_lines": 1, "excluded_lines": 0}, "missing_lines": [63], "excluded_lines": []}}}}, "totals": {"covered_lines": 72, "num_statements": 124, "percent_covered": 58.064516129032256, "percent_covered_display": "58", "missing_lines": 52, "excluded_lines": 0}}